


















































Traceback (most recent call last):
  File "/home/yingshaoxo/Codes/tensorflowjs-research/src/3.find_best_area_may_exist_object/py/websockets_server.py", line 32, in <module>
    asyncio.get_event_loop().run_forever()
  File "/usr/lib/python3.6/asyncio/base_events.py", line 422, in run_forever
    self._run_once()
  File "/usr/lib/python3.6/asyncio/base_events.py", line 1396, in _run_once
    event_list = self._selector.select(timeout)
  File "/usr/lib/python3.6/selectors.py", line 445, in select
    fd_event_list = self._epoll.poll(timeout, max_ev)
KeyboardInterrupt



















































Traceback (most recent call last):
  File "/usr/lib/python3.6/asyncio/base_events.py", line 1045, in create_server
    sock.bind(sa)
OSError: [Errno 98] Address already in use

During handling of the above exception, another exception occurred:

Traceback (most recent call last):
  File "/home/yingshaoxo/Codes/tensorflowjs-research/src/3.find_best_area_may_exist_object/py/websockets_server.py", line 31, in <module>
    asyncio.get_event_loop().run_until_complete(start_server)
  File "/usr/lib/python3.6/asyncio/base_events.py", line 468, in run_until_complete
    return future.result()
  File "/usr/lib/python3.6/asyncio/tasks.py", line 537, in _wrap_awaitable
    return (yield from awaitable.__await__())
  File "/usr/local/lib/python3.6/dist-packages/websockets/py35/server.py", line 13, in __await_impl__
    server = await self._creating_server
  File "/usr/lib/python3.6/asyncio/base_events.py", line 1049, in create_server
    % (sa, err.strerror.lower()))
OSError: [Errno 98] error while attempting to bind on address ('127.0.0.1', 8000): address already in use



















































Traceback (most recent call last):
  File "/usr/lib/python3.6/asyncio/base_events.py", line 1045, in create_server
    sock.bind(sa)
OSError: [Errno 98] Address already in use

During handling of the above exception, another exception occurred:

Traceback (most recent call last):
  File "/home/yingshaoxo/Codes/tensorflowjs-research/src/3.find_best_area_may_exist_object/py/websockets_server.py", line 31, in <module>
    asyncio.get_event_loop().run_until_complete(start_server)
  File "/usr/lib/python3.6/asyncio/base_events.py", line 468, in run_until_complete
    return future.result()
  File "/usr/lib/python3.6/asyncio/tasks.py", line 537, in _wrap_awaitable
    return (yield from awaitable.__await__())
  File "/usr/local/lib/python3.6/dist-packages/websockets/py35/server.py", line 13, in __await_impl__
    server = await self._creating_server
  File "/usr/lib/python3.6/asyncio/base_events.py", line 1049, in create_server
    % (sa, err.strerror.lower()))
OSError: [Errno 98] error while attempting to bind on address ('127.0.0.1', 8000): address already in use



















































[[302.38972264206757, 250.14126536885246], [292.68487954040785, 227.77960105020492], [304.61912036436723, 195.969982710041], [308.6859358791494, 245.10897476946724], [298.45722879116965, 266.78429175204917], [302.85828143234573, 292.85995133196724], [343.0259672932605, 247.65448898565575], [336.97563582930826, 232.40897156762296], [338.4447533065353, 200.07365842725412], [329.3562133282547, 243.43304943647541], [329.89175883566196, 263.4084752817623], [324.7043403847089, 292.0323066086066], [312.42579543244295, 171.49460489241804], [303.820060001864, 173.00523501536887], [323.43665791745013, 172.82678022540983], [331.5678513396331, 172.6335169057377], [318.4902143676252, 177.14278624487707]]



[[0, 0], [299.29785510811075, 200.2739658043033], [332.85136242625134, 174.2537621670082], [0, 0], [0, 0], [0, 0], [0, 0], [0, 0], [0, 0], [0, 0], [0, 0], [0, 0], [0, 0], [0, 0], [0, 0], [0, 0], [0, 0]]



[[331.76330313148344, 234.7526575307377], [318.50294057759015, 208.7681224385246], [337.0309093681114, 179.96000896516395], [299.0118319562857, 211.260021772541], [330.52370063496824, 240.01389600409837], [317.85339735355615, 274.44467213114757], [336.5161943237811, 233.27824026639345], [341.65565205807513, 205.83001408811475], [347.37712812621567, 177.06746285860658], [300.39712106538514, 207.33231941598362], [331.1499124740664, 238.60133837090166], [308.2106657542629, 282.20933657786884], [366.09643326755383, 176.54019915471312], [356.2161457489141, 171.69845030737704], [0, 0], [0, 0], [367.3335031849715, 180.18738793545083]]



[[325.24314658770425, 232.65607389856558], [0, 0], [0, 0], [285.33235921899313, 210.42305968237707], [324.31536789257007, 238.88033107069674], [316.5057803585322, 287.8800909323771], [0, 0], [0, 0], [0, 0], [293.8639850537312, 208.77907274590166], [320.5315680919347, 237.42711001536887], [311.4087116668828, 285.6692494877049], [0, 0], [0, 0], [0, 0], [0, 0], [0, 0]]



[[329.6714561114173, 231.55316662397541], [322.51587547207276, 215.65423283811475], [336.16277291072356, 180.525390625], [287.68572668811595, 213.55686475409837], [329.1111863005706, 243.25730020491804], [316.1875301376913, 283.8107710040984], [343.5254235485283, 218.45789574795083], [335.0192184764815, 209.33721823770492], [341.56299132034496, 180.7296202612705], [292.77627398858925, 211.78088178790983], [326.2981240680109, 242.16817686987707], [314.30614044062827, 285.3070568647541], [0, 0], [0, 0], [0, 0], [0, 0], [0, 0]]



[[329.70225860469077, 229.8050877305328], [323.09513962615085, 219.3935546875], [321.654830236158, 186.38148373463116], [292.8707391889264, 215.712426357582], [323.88378475711556, 248.73189357069674], [314.9655923803812, 286.1268250512295], [0, 0], [0, 0], [326.1707353394061, 185.11259285348362], [288.68875463968493, 210.14715676229508], [313.82498206934, 244.97819544057378], [310.241256017408, 288.042712602459], [355.2222034248574, 177.79221631659837], [340.6534155374741, 172.84226114241804], [0, 0], [0, 0], [0, 0]]



[[341.66027401492806, 191.032482710041], [322.5589926312079, 210.59864882172133], [0, 0], [293.2431232879766, 212.02659131659837], [316.4090358370073, 247.3360655737705], [318.23420227810556, 290.55820952868856], [0, 0], [0, 0], [0, 0], [288.4599994327023, 211.04716316598362], [310.2293845528884, 247.09605532786887], [314.3751532210354, 288.9049692622951], [0, 0], [0, 0], [0, 0], [0, 0], [0, 0]]



[[0, 0], [0, 0], [0, 0], [0, 0], [0, 0], [0, 0], [0, 0], [0, 0], [0, 0], [0, 0], [0, 0], [0, 0], [0, 0], [0, 0], [0, 0], [0, 0], [0, 0]]



[[0, 0], [0, 0], [0, 0], [0, 0], [0, 0], [0, 0], [0, 0], [0, 0], [0, 0], [0, 0], [0, 0], [0, 0], [0, 0], [0, 0], [0, 0], [0, 0], [0, 0]]



[[337.51555003565875, 238.87858606557378], [324.44940464130576, 229.98791303790983], [320.7380682600979, 200.76511270491804], [305.07074253193076, 223.2384093237705], [316.81541981044154, 253.40572169569674], [307.99435184209676, 294.40644211065575], [0, 0], [0, 0], [299.6829021026485, 197.2093846055328], [290.19785520941394, 220.2149558145492], [312.61235154021335, 256.1603643698771], [307.0920255668925, 295.34900102459017], [0, 0], [0, 0], [0, 0], [0, 0], [0, 0]]



[[0, 0], [0, 0], [0, 0], [317.3163639559291, 232.80641649590166], [318.3878348576083, 260.1697617827869], [314.5988116125843, 292.31083504098365], [0, 0], [289.76259983426803, 224.3148373463115], [299.239605788868, 201.65765881147541], [303.36520879595116, 233.27378970286887], [310.0217447241312, 259.54842789446724], [301.444532465638, 296.07700435450823], [0, 0], [0, 0], [0, 0], [0, 0], [0, 0]]



[[0, 0], [0, 0], [0, 0], [319.51970777076315, 234.87871413934428], [320.1789064526063, 260.11291303790983], [0, 0], [0, 0], [0, 0], [0, 0], [303.5725637095598, 234.13833568135246], [309.4765437589147, 260.5840804303279], [299.93327920367614, 297.28233862704917], [0, 0], [0, 0], [0, 0], [0, 0], [0, 0]]



[[0, 0], [0, 0], [0, 0], [319.17980399863853, 235.14472336065575], [317.53144323578516, 261.3563652663935], [0, 0], [0, 0], [0, 0], [0, 0], [303.79296140552066, 234.62788165983608], [309.39493139749743, 260.7816662397541], [299.85670034321515, 297.4663486168033], [0, 0], [0, 0], [0, 0], [0, 0], [0, 0]]



[[350.9310014020358, 234.95258068647541], [343.754621956853, 228.24676613729508], [331.6545921737228, 200.6861232069672], [318.7395784370138, 234.46774141905738], [320.75149092931474, 260.4678694928279], [311.7162617410367, 299.7864049692623], [0, 0], [288.0551666639653, 223.3073450307377], [298.9703293163252, 202.84981749487707], [299.79952737008887, 232.2075915727459], [308.3685404037539, 260.64880571209017], [298.67227641378696, 296.74766265368856], [0, 0], [0, 0], [0, 0], [0, 0], [0, 0]]



[[357.33067049525096, 239.63113153176232], [346.64632077039033, 226.574474897541], [0, 0], [318.6498934797232, 228.67254738729508], [323.6419234533033, 254.4337058145492], [321.429494010957, 284.4386526639344], [0, 0], [287.22172654021335, 222.72478547643445], [298.3218624384077, 201.0531185963115], [299.60860256337526, 227.89760502049182], [310.8565461091481, 256.19512038934425], [296.4216999987844, 295.35828637295083], [0, 0], [0, 0], [0, 0], [0, 0], [0, 0]]



[[353.8106388076213, 236.93295338114754], [347.33132010178946, 228.45137999487707], [0, 0], [321.4288608661826, 229.50102459016395], [326.2927423374287, 258.4873847336066], [311.64335512026713, 300.98584784836066], [0, 0], [293.82093120907354, 226.4981749487705], [304.533677477065, 204.52169249487707], [304.16104012010504, 227.38164382684428], [315.91980486984573, 256.85710169057376], [303.14905316997863, 298.5589459528689], [0, 0], [0, 0], [0, 0], [0, 0], [0, 0]]



[[351.63467850427907, 233.49097079918033], [345.2590055980129, 226.33961962090166], [335.85794535909946, 200.85646132172133], [324.9157157676349, 227.22187179815575], [324.2933344544217, 258.2844838627049], [308.56462534037865, 299.28794185450823], [0, 0], [293.48891008938995, 227.83707415471312], [304.2685481027944, 201.9613377305328], [308.19803451601405, 227.66038037909837], [316.21864920335196, 257.3488409323771], [305.38994246993326, 297.44563268442624], [0, 0], [0, 0], [0, 0], [0, 0], [0, 0]]



[[0, 0], [0, 0], [0, 0], [336.8125377354286, 223.94499231557378], [333.12646383071836, 253.26536885245903], [320.95387565644455, 297.86891649590166], [0, 0], [291.42954339624936, 219.18669953893445], [301.2327771958474, 193.306640625], [311.43511380397433, 227.3382748463115], [315.1540795797135, 256.7889024077869], [310.4997057143089, 297.0107902151639], [0, 0], [0, 0], [0, 0], [0, 0], [0, 0]]



[[0, 0], [0, 0], [0, 0], [339.786545369635, 227.94760181864754], [337.6394564680044, 257.0242859887295], [329.608204948457, 299.46477971311475], [0, 0], [0, 0], [0, 0], [0, 0], [318.67176863167793, 256.74276383196724], [321.48312137334676, 299.297643442623], [0, 0], [0, 0], [0, 0], [0, 0], [0, 0]]



[[0, 0], [0, 0], [0, 0], [0, 0], [0, 0], [0, 0], [0, 0], [0, 0], [0, 0], [0, 0], [0, 0], [0, 0], [0, 0], [0, 0], [0, 0], [0, 0], [0, 0]]



[[0, 0], [0, 0], [0, 0], [0, 0], [337.02828181729774, 255.98256595799182], [332.92401578911114, 296.93420210040983], [0, 0], [0, 0], [0, 0], [0, 0], [0, 0], [0, 0], [0, 0], [0, 0], [0, 0], [0, 0], [0, 0]]



[[0, 0], [0, 0], [0, 0], [0, 0], [0, 0], [0, 0], [0, 0], [0, 0], [0, 0], [0, 0], [0, 0], [0, 0], [0, 0], [0, 0], [0, 0], [0, 0], [0, 0]]



[[0, 0], [0, 0], [0, 0], [0, 0], [0, 0], [0, 0], [0, 0], [0, 0], [0, 0], [0, 0], [0, 0], [0, 0], [0, 0], [0, 0], [0, 0], [0, 0], [0, 0]]



[[0, 0], [0, 0], [0, 0], [0, 0], [345.6784006965606, 270.7276191086066], [0, 0], [0, 0], [0, 0], [0, 0], [0, 0], [326.1292643566844, 269.1600281762295], [0, 0], [0, 0], [0, 0], [0, 0], [0, 0], [0, 0]]



[[0, 0], [0, 0], [0, 0], [0, 0], [0, 0], [0, 0], [0, 0], [0, 0], [0, 0], [0, 0], [0, 0], [0, 0], [0, 0], [0, 0], [0, 0], [0, 0], [0, 0]]



[[0, 0], [0, 0], [0, 0], [0, 0], [347.22055142351206, 268.0951588114754], [0, 0], [0, 0], [0, 0], [0, 0], [0, 0], [0, 0], [0, 0], [0, 0], [0, 0], [0, 0], [0, 0], [0, 0]]



[[0, 0], [0, 0], [0, 0], [0, 0], [0, 0], [0, 0], [0, 0], [0, 0], [0, 0], [0, 0], [0, 0], [0, 0], [0, 0], [0, 0], [0, 0], [0, 0], [0, 0]]



[[0, 0], [0, 0], [0, 0], [0, 0], [0, 0], [0, 0], [0, 0], [0, 0], [0, 0], [0, 0], [0, 0], [0, 0], [0, 0], [0, 0], [0, 0], [0, 0], [0, 0]]



[[0, 0], [0, 0], [0, 0], [0, 0], [0, 0], [0, 0], [0, 0], [0, 0], [0, 0], [0, 0], [0, 0], [0, 0], [0, 0], [0, 0], [0, 0], [0, 0], [0, 0]]



[[0, 0], [0, 0], [0, 0], [0, 0], [0, 0], [0, 0], [0, 0], [0, 0], [0, 0], [0, 0], [331.33741829899833, 264.3930103739754], [0, 0], [0, 0], [0, 0], [0, 0], [0, 0], [0, 0]]



[[0, 0], [0, 0], [0, 0], [0, 0], [357.2893894559615, 268.944127817623], [0, 0], [0, 0], [0, 0], [0, 0], [334.552052604707, 234.99870325307378], [334.26577619497215, 266.855981045082], [334.43903626248056, 296.1572745901639], [0, 0], [0, 0], [0, 0], [0, 0], [0, 0]]



[[0, 0], [0, 0], [0, 0], [0, 0], [0, 0], [0, 0], [0, 0], [0, 0], [0, 0], [0, 0], [0, 0], [0, 0], [0, 0], [0, 0], [0, 0], [0, 0], [0, 0]]



[[0, 0], [0, 0], [0, 0], [0, 0], [352.7768716772563, 269.14664446721315], [0, 0], [0, 0], [0, 0], [0, 0], [0, 0], [334.90230829389264, 267.14001664959017], [0, 0], [0, 0], [0, 0], [0, 0], [0, 0], [0, 0]]



[[0, 0], [0, 0], [0, 0], [354.9959807969723, 234.76957927766395], [351.001470415424, 264.5456102715164], [0, 0], [0, 0], [320.5918434744554, 221.29301677766395], [328.08492193578195, 198.88135566086066], [338.7942492219917, 236.33270363729508], [334.8678019036891, 264.25525102459017], [335.3859992442784, 298.04405737704917], [0, 0], [0, 0], [0, 0], [0, 0], [0, 0]]



[[0, 0], [369.1450570134207, 217.04724321209017], [364.43189565571515, 200.62816982581967], [356.6889466091805, 231.32245773565575], [356.4740889299955, 265.24705430327873], [354.83968900941716, 301.9627305327869], [0, 0], [318.027733767181, 220.58183913934428], [327.64333511289226, 198.59342981557378], [338.22327926445803, 234.0296971055328], [332.513674660837, 263.075963755123], [331.8831890945118, 301.2118340163935], [0, 0], [0, 0], [0, 0], [0, 0], [0, 0]]



[[0, 0], [0, 0], [363.6190643943692, 200.32047259221312], [359.2053172004668, 234.79617059426232], [349.55435471910664, 265.4994236680328], [355.8134973296486, 301.2698834528689], [0, 0], [317.726958342113, 219.13799948770492], [325.9176357158487, 198.5712890625], [340.7687745153657, 236.76762615266395], [333.2547389620073, 263.45094774590166], [337.1834972587364, 301.4211065573771], [0, 0], [0, 0], [0, 0], [0, 0], [0, 0]]



[[0, 0], [0, 0], [0, 0], [0, 0], [0, 0], [0, 0], [0, 0], [0, 0], [0, 0], [0, 0], [0, 0], [0, 0], [0, 0], [0, 0], [0, 0], [0, 0], [0, 0]]



[[0, 0], [0, 0], [0, 0], [0, 0], [0, 0], [0, 0], [0, 0], [0, 0], [0, 0], [0, 0], [0, 0], [0, 0], [0, 0], [0, 0], [0, 0], [0, 0], [0, 0]]



[[0, 0], [0, 0], [0, 0], [0, 0], [0, 0], [0, 0], [0, 0], [0, 0], [0, 0], [0, 0], [332.8590234780213, 259.98972207991807], [0, 0], [0, 0], [0, 0], [0, 0], [0, 0], [0, 0]]



[[0, 0], [331.5116280836683, 226.95306096311478], [332.71308360752727, 202.94475217725412], [371.25137139158136, 232.81586193647541], [333.3382507577477, 264.9130539190574], [338.2254636139296, 303.38146772540983], [319.9603448764912, 239.00281762295083], [327.32334374392184, 230.5839683657787], [325.4137474471603, 200.81139536372953], [359.65589467915265, 233.87175012807378], [328.9586933816617, 263.9136302510246], [334.7974595192557, 306.08782658811475], [0, 0], [0, 0], [305.94619181146265, 192.24097079918033], [310.33467652886736, 189.1216220543033], [303.0745320300344, 194.86120005122953]]



[[0, 0], [0, 0], [325.0527599540489, 197.34395811987707], [367.5507984715379, 231.51082223360658], [326.64613209324756, 260.50944544057376], [332.7524968697323, 299.0655737704918], [315.57790669168185, 237.42850281762296], [320.2343382776031, 229.167248335041], [298.3952755749968, 197.1902695952869], [358.4330388619198, 232.05291047643445], [325.0044193505252, 260.186315317623], [330.7940217963888, 305.37893826844265], [0, 0], [0, 0], [0, 0], [0, 0], [0, 0]]



[[330.38621324721214, 237.0655577612705], [328.29056735849974, 210.6231589395492], [314.80698961439964, 193.8042872694672], [349.53510711796554, 233.98815317622953], [329.0710132646363, 259.64401895491807], [335.56128537506487, 303.8056160348361], [320.2597590402944, 235.43460233094262], [331.0395869971311, 225.86568263319674], [298.6607215216546, 195.37279072745903], [356.93596804290394, 230.2748142930328], [328.1890425939283, 258.3797547387295], [330.9158071937403, 306.7010438012295], [0, 0], [0, 0], [293.6665705130803, 183.9451684170082], [293.9240388355809, 179.90083888319674], [294.3572048329714, 189.86616290983608]]



[[323.7210348928618, 237.82096887807378], [327.0864209693497, 210.19885053790983], [310.74172530431474, 190.51167072233608], [347.67720709203195, 232.433129482582], [328.69964219722516, 262.9476498463115], [335.9918238216416, 307.61792392418033], [325.22620996498966, 239.64177766393445], [329.95086290035016, 220.6608606557377], [316.18445938553555, 191.8415087090164], [356.3101044334317, 229.90200755635246], [328.0694732032871, 261.32322617827873], [331.2980366940321, 310.7199346823771], [0, 0], [0, 0], [290.589170337218, 183.22484951331967], [294.4974780577347, 177.8398277407787], [291.0667197832923, 188.91705622438525]]



[[321.62659197922073, 244.6740682633197], [296.2733541781477, 221.9521324282787], [303.60054870858727, 195.09711193647541], [342.7116742272595, 231.13702292520492], [325.74754137221214, 262.19827420594265], [333.9385036610964, 308.6443711577869], [332.44944212347644, 245.6838338883197], [341.02538809242094, 221.332287397541], [317.3014850537312, 194.2068871670082], [354.5477776111904, 226.44740970799182], [326.8812820624514, 260.7516489497951], [331.14788641078843, 312.23985015368856], [0, 0], [0, 0], [285.84558637310363, 186.26922707479508], [291.7629890916753, 178.5536949282787], [290.1238722425279, 186.4691342213115]]



[[320.72163815320283, 241.65573770491804], [305.8407732065288, 225.500512295082], [301.5119307268705, 194.2677061987705], [342.2276033900091, 226.84802446209017], [323.3427942046486, 259.9201940317623], [335.3825802624968, 306.0675268954918], [331.8536212335484, 242.0658139088115], [333.08932988970116, 221.81768698770492], [317.0650371377399, 193.00595543032787], [355.57847398939964, 221.060546875], [323.69077057264656, 258.19010950307376], [335.66857175708316, 310.14328253073774], [0, 0], [0, 0], [292.545556032806, 187.19271900614754], [292.097257875308, 179.66655993852459], [282.9880140629052, 192.23206967213116]]



[[0, 0], [309.83623330523864, 226.06999231557378], [304.5403888116734, 192.43751600922133], [343.70080465103086, 223.20973680840166], [322.2552097684615, 259.2584848872951], [334.1194880948522, 303.3564933401639], [325.2086401975007, 241.2534740010246], [327.9046972757553, 222.21407530737707], [315.2418017882035, 191.9976466444672], [354.28518081601726, 218.94100601946724], [323.1311339065742, 258.09445440573774], [334.8581781031185, 307.00329789959017], [0, 0], [0, 0], [289.13581816487294, 187.28983094262296], [290.54896564404504, 179.4310482838115], [283.30730897262384, 188.107934170082]]



[[0, 0], [307.9665884437403, 226.5980404713115], [316.6912917774248, 187.8255955430328], [342.8030370182022, 219.7225121670082], [325.17726787393025, 260.75774846311475], [331.3138336561528, 302.116002817623], [294.24738587185556, 251.36427382172133], [327.7065229613752, 223.44630507172133], [307.0066776513064, 192.85037781762296], [347.43354132561274, 217.34154072745903], [323.53302255211037, 260.6895811987705], [331.6988806506905, 305.6129610655738], [0, 0], [0, 0], [276.3756716399767, 187.508324795082], [286.2400988820183, 181.0929015112705], [278.94722079835, 189.10676549692624]]



[[320.60865346821515, 248.73162141393445], [324.0092107369198, 224.4528528432377], [317.91224816033457, 188.09648757684428], [342.98658568829427, 222.72127945696724], [324.4163228268446, 261.21228227459017], [330.93837880494686, 297.3049116290984], [324.634852745721, 247.59043609118854], [329.237941884401, 224.06502945696724], [305.4453426376913, 191.7385534067623], [349.39749310125455, 220.00872502561478], [323.90923717704555, 261.37586449795083], [332.10399833457603, 304.78819800204917], [0, 0], [0, 0], [275.9950250016209, 188.7911276895492], [286.7733650682378, 182.19380763319674], [276.1932309732398, 194.70832799692624]]



[[0, 0], [302.0119884696739, 232.62034131659837], [314.930262901971, 190.4751857069672], [342.44955229066716, 222.39209784836066], [320.51640427458835, 257.55462346311475], [328.52261491830916, 297.51841060450823], [324.0858845690969, 254.58126280737707], [327.9339485643316, 230.22476946721312], [316.8525537514588, 190.63300461065575], [350.4235675226109, 219.05673668032787], [319.55544879327675, 257.4140304815574], [331.29901806843236, 305.15669825819674], [274.9477085730842, 191.87054943647541], [0, 0], [277.9486881746791, 192.8260117827869], [291.2830020382197, 186.05265432889345], [277.94982783527297, 198.92261142418033]]



[[311.5807371020812, 249.34416623975412], [319.9368235481231, 230.19998719262296], [307.34860748670906, 195.88380507172133], [338.57416809841806, 227.19478419569674], [320.18574441616965, 265.153832607582], [325.5609852644418, 304.2096247438525], [322.35467681251623, 254.24050653176232], [333.03513269701443, 226.37042136270492], [319.3147271500584, 192.08733030225412], [351.786823193562, 222.88401319159837], [321.0482458850655, 265.22978035348365], [330.5404156570118, 307.94873847336066], [278.90619301697035, 192.2794089395492], [0, 0], [280.6454733694243, 191.49097079918033], [294.6987864387481, 187.14225794057378], [282.01889101400417, 197.75227330942624]]



[[308.07146887561595, 246.91513511782787], [313.74257827695476, 224.71745325307378], [302.21279033486775, 194.30699282786887], [329.68693650115085, 231.7569640112705], [317.0665250279597, 270.27964907786884], [315.7796582740372, 307.5894275102459], [326.6529067423334, 243.11763575819674], [335.76265707055563, 221.37322297643445], [322.9490414694632, 192.647973232582], [343.8268954328482, 229.49446080942624], [318.3703917190742, 271.0205238217213], [324.420438267878, 315.5703125], [284.13030220759856, 192.28438780737707], [0, 0], [288.4050424662863, 191.63623847336066], [300.6020067143737, 186.40463306864754], [288.72971910658714, 196.6664158555328]]



[[306.09833650074563, 246.5628842213115], [308.19287438610286, 225.47553790983608], [305.62034385332925, 197.65697041495903], [326.7965672916397, 230.69324731045083], [314.6417388282871, 264.5738025102459], [314.01742642351206, 310.408459272541], [329.4155389936139, 243.7432761270492], [337.8533011155505, 224.71109759221312], [324.3347104654273, 193.05415919569674], [342.0099915310555, 229.22581006659837], [319.6923346934972, 270.947009477459], [327.52664653097446, 315.26524077868856], [295.1196061130382, 182.68681160348362], [0, 0], [294.1321851801576, 191.49836705942624], [304.7491683010244, 185.4313524590164], [293.28047882966484, 191.10762999487707]]



[[297.74012901970957, 240.85441214139345], [292.56705129789617, 223.57202548668033], [298.46878368330204, 200.1352939293033], [319.749222751475, 239.47931608606558], [305.5043517306633, 270.3693647540984], [311.7926506580654, 313.60508452868856], [327.07290332841677, 238.7936731557377], [339.01458360347516, 221.41409451844262], [325.4596504433027, 194.9903464395492], [336.6400374416494, 238.91668801229508], [323.03628881937243, 273.93247310450823], [326.2078376231847, 317.09000384221315], [293.49869217615407, 188.7724449282787], [0, 0], [300.44071308310106, 190.37043737192624], [310.81289077695476, 185.33758644979508], [300.8773930339893, 194.83464075307378]]



[[297.057883868079, 240.19723360655738], [294.0482301830751, 223.63135566086066], [301.5656214037377, 200.51258324795083], [318.442823481263, 242.82338627049182], [307.2959614987196, 272.9921875], [312.12862893258887, 317.76331967213116], [334.9815147051673, 237.1664158555328], [343.072535091416, 223.89272220799182], [328.94144018655993, 196.1834496670082], [337.40971988662153, 238.55624039446724], [327.7969993496337, 274.02074795081967], [329.58531676486325, 317.05577612704917], [297.71549968798627, 189.53310706967213], [0, 0], [305.68014437726924, 191.0186667520492], [317.3108239391533, 185.92907914959017], [304.64416124019385, 192.08464075307378]]



[[297.963724096781, 238.75790855532787], [294.8770800072128, 223.77715163934428], [299.33837637367094, 201.85588498975412], [317.506687275107, 244.56001857069674], [307.18601590864887, 280.9997118340164], [308.0569698602827, 315.6754930840164], [335.7524634396882, 238.67832671618854], [346.7059630081367, 223.522717085041], [332.52712898729254, 194.54665087090166], [337.8636846898503, 241.14152151639345], [329.9342745072614, 278.058849897541], [331.11293681924275, 317.2054623463115], [300.5562303471862, 191.5814389088115], [0, 0], [307.0683459523308, 193.27827228483608], [318.29004564720566, 186.3335681352459], [305.6946433926025, 195.28232261782787]]



[[296.76961305230486, 247.13478163422133], [290.9327146917953, 228.11571465163937], [297.71473991425705, 206.64944608094262], [313.748973039176, 249.45347720286887], [308.37129458352246, 278.008580942623], [311.9897169690904, 314.89779713114757], [339.44274775714797, 244.37616867315575], [338.4539339057638, 228.89153752561478], [334.68289197233213, 202.6324122694672], [336.88610915821124, 243.22560194672133], [336.274997821982, 278.5915087090164], [331.9335557613136, 320.04649077868856], [310.50353624019385, 192.00899718237707], [0, 0], [317.74440148064707, 192.96919825819674], [0, 0], [316.2517943322906, 196.01203893442624]]



[[295.49939800594854, 248.51905097336066], [291.84697574599653, 231.66843301741804], [299.9420166015625, 212.47873975409837], [315.35944008728285, 244.96476370389345], [305.8275088235056, 278.4769467213115], [310.4554172373412, 313.193359375], [339.011671137513, 245.62488793545083], [337.1457934874222, 232.1570664702869], [333.4541162514588, 208.6672643442623], [337.01257982689316, 242.5589779713115], [334.23009848693596, 279.71397925204917], [333.2958300578644, 318.4074026639344], [307.3971696909038, 198.23527151639345], [0, 0], [318.6290946738849, 197.01767418032787], [0, 0], [315.74157461585844, 200.222191982582]]



[[301.61567149815227, 249.23696849385246], [295.551822393267, 243.32999807889345], [301.12330646435754, 214.73376664959017], [311.5163146212883, 248.89387487192624], [313.4395868451764, 285.0520299692623], [314.0816589608727, 316.1848424692623], [338.20729235890497, 258.0353003329918], [335.79596048568794, 242.69971503586066], [334.47503054290394, 213.70190829918033], [335.64413236879216, 249.81081903176232], [335.7732622455265, 283.31871157786884], [337.1916964835646, 319.78522028688525], [312.9451324336262, 202.4183529713115], [0, 0], [323.57471513550314, 201.9626024590164], [0, 0], [319.5433557280861, 201.72467341188525]]



[[293.73836913049473, 253.93156057889345], [299.5699490748995, 249.16812884221312], [309.7762111806276, 223.0782530737705], [320.2368391994619, 256.4260053790984], [315.42199479099133, 285.5874743852459], [315.6278618143802, 315.26399205942624], [344.65049015535857, 255.354027920082], [346.80843748986973, 252.787621670082], [342.70372826034105, 224.36517033811478], [337.55167094503696, 263.80374295594265], [338.5754027307281, 283.14107325819674], [339.4404051214828, 322.9350986168033], [319.0511806377237, 206.33366419057378], [313.5969233216092, 206.50032018442624], [329.28238864756224, 207.14635630122953], [337.1513018469593, 207.97539382684428], [325.0487078274929, 212.90464907786887]]



[[311.08732737940875, 257.33294377561475], [299.9012104208539, 248.66082863729508], [310.342939068173, 222.45791175717216], [317.09010967080525, 256.41816086065575], [311.34356106959933, 291.57972592213116], [315.290617250308, 314.84640753073774], [345.86669795246047, 256.1547131147541], [350.2121288252075, 253.21883004610658], [342.2302625980615, 226.4236680327869], [337.4611945567784, 263.35116226946724], [338.963583791899, 281.69419185450823], [338.41733813780473, 323.99199538934425], [323.6057075722089, 209.45378137807378], [315.85794662538905, 208.50033619364754], [332.859276735931, 210.59088434938525], [339.8377034674047, 211.27644723360658], [329.6402420740405, 216.3203125]]



[[313.5343686179007, 260.252673539959], [296.70933766978413, 255.24780673668033], [314.47126459778593, 225.72132748463116], [320.0464209085678, 262.2580366290984], [310.1885150577023, 284.81150742827873], [315.9283206670611, 319.45568647540983], [346.0750025832307, 265.0637807377049], [351.6283470565353, 257.96007300204917], [346.3751448635244, 233.0843846055328], [338.2866570563732, 267.99879930840166], [340.6601268720825, 282.57652407786884], [337.9314628379474, 323.180199795082], [324.8643993836716, 217.7398021260246], [318.5112347741345, 216.83902727971312], [334.4463174273859, 218.4370677510246], [342.5992910298075, 218.81017866290983], [330.6255419719269, 222.78288294057378]]



[[311.7903396796389, 259.55531185963116], [295.80273766735286, 256.281506147541], [314.1403831386962, 225.55638447745903], [317.9753410371013, 263.7154040727459], [311.542020299128, 287.6220863217213], [316.97842293260504, 320.0625960553279], [344.8470499505641, 264.93828445184425], [347.1377044297848, 252.57535540471312], [340.88742584608406, 233.98069287909837], [338.0107958781769, 269.624743852459], [336.9723751337202, 285.7461898053279], [334.5371737025091, 325.65173539959017], [331.6601005332599, 213.81258004610658], [319.60157339009015, 216.62560835040983], [335.7944092809907, 220.33252753586066], [343.87365317443596, 219.00198514344262], [333.29351907943794, 224.60634925717216]]



[[303.74832469892704, 272.2491995389344], [294.8650185992609, 263.4116611168033], [315.495344613103, 229.67053022540983], [314.49966114091677, 274.11504226434425], [313.77135470695026, 288.92907914959017], [318.5058213863136, 324.3318711577869], [348.54695806859445, 275.61398565573774], [349.29622159459285, 258.97552190061475], [345.54157811081757, 237.2984118852459], [339.0537436077704, 271.45706326844265], [342.0518424006419, 287.23677638319674], [339.3195061268154, 324.80356685450823], [333.3951071584868, 216.8370261270492], [323.97669875275545, 220.93405801741804], [337.9950305732949, 223.5765721055328], [345.6566521735607, 223.6661276895492], [335.4423174719593, 226.48816918545083]]



[[305.8613187544574, 272.86526639344265], [297.3354228799274, 263.70664702868856], [317.30873456139784, 229.50909323770492], [314.11448751742415, 276.0106621413935], [314.69764551186466, 291.76399205942624], [319.6227837400318, 323.89446721311475], [351.7851770171486, 276.2265625], [349.7494899385698, 258.38928022540983], [346.3586830993906, 237.28850217725412], [338.6435924229286, 273.61094390368856], [341.06638421656186, 289.46465163934425], [338.2700686632845, 325.19015753073774], [333.7544801324235, 215.07828509221312], [324.89083317800186, 220.7183177510246], [338.1699684744554, 222.29705110143445], [345.31823629165586, 223.62685706967216], [335.5507118573328, 225.06379674692624]]



[[308.6175879007553, 284.55014088114757], [305.0184764308059, 268.40320824795083], [316.7260197682994, 239.89323450307378], [314.482629546486, 280.5536308913935], [312.749775613492, 295.943103227459], [319.7072452529338, 326.6751088627049], [355.93477621118063, 286.912621670082], [352.065311922572, 266.1041880122951], [347.2126687710711, 242.80374295594262], [338.550298540424, 280.82597976434425], [341.39663253087724, 295.48107710040983], [337.8068916035886, 324.875512295082], [336.15134464754607, 221.35146644467216], [324.60997015608797, 223.74066662397541], [338.33512428885183, 222.71649269979508], [346.7624711792499, 226.56312435963116], [335.7428079818789, 227.37229444159837]]



[[310.33097263193724, 283.1361424180328], [303.948778334495, 268.18082415471315], [316.8267531019029, 244.36902856045083], [313.62199585467454, 285.7666816086066], [315.0538527619295, 292.2276831454918], [0, 0], [356.0106902696285, 284.03781378073774], [352.4410833461651, 267.98179751536884], [347.7579330507651, 241.78995901639345], [338.54839910610093, 284.9281506147541], [337.2079999615048, 289.14341060450823], [0, 0], [336.551682088385, 224.59432633196724], [0, 0], [339.2786366316293, 224.7482870133197], [0, 0], [335.23683033543506, 222.1386558657787]]



[[313.56969809631096, 287.181896772541], [302.7620117694016, 270.6736680327869], [316.3173248164387, 244.97235207479508], [313.93011575912544, 287.2920722336066], [0, 0], [0, 0], [355.37887509927714, 287.7108094262295], [349.5684421903365, 270.567174692623], [348.34061618662474, 242.39321849385246], [338.9741256523924, 285.2915599385246], [0, 0], [0, 0], [329.7421783827153, 220.06504546618854], [0, 0], [337.822720222948, 221.12993084016395], [0, 0], [336.2852231100882, 224.58432056864754]]



[[315.95041741968686, 287.0114305840164], [303.5135229593491, 269.203893442623], [318.7641444542596, 243.59674372438525], [315.96425163300705, 286.95651895491807], [315.9526650836359, 298.4187692110656], [0, 0], [356.42653975743974, 287.1840099897541], [350.4411372900999, 270.2569800204918], [348.7687486830589, 241.48074090676232], [339.59641199388943, 284.94652920081967], [0, 0], [0, 0], [331.06497610258367, 220.29709912909837], [0, 0], [338.2525938675117, 221.8329918032787], [0, 0], [337.19559032392704, 224.5525742827869]]



[[312.8790637764199, 287.46154585040983], [303.9631190636346, 270.05071721311475], [318.9936277777328, 242.06627817622953], [315.4339612272271, 285.38101946721315], [314.8350062706659, 296.97637038934425], [0, 0], [356.85232961820867, 287.9761462602459], [350.01620217477637, 269.4523245389344], [347.7004435052516, 244.93841252561478], [340.31816537944115, 283.2356557377049], [339.46918155147824, 296.3617123463115], [337.23921399888167, 324.41022028688525], [332.43402504822035, 223.28454789959017], [326.287075691698, 222.97926805840166], [339.3331187394645, 222.60484439036887], [0, 0], [337.4170327087656, 228.32799692622953]]



[[314.84016640057706, 284.37852202868856], [305.88882889490407, 266.8141649590164], [321.96203208068596, 239.80007684426232], [317.3357065287863, 279.86930071721315], [315.2187236611774, 294.2183337602459], [0, 0], [355.89222888234247, 285.5071080942623], [349.0131742232074, 266.532482710041], [348.39459177864046, 242.65237576844262], [340.67009890227894, 277.71983862704917], [0, 0], [0, 0], [334.2716960986126, 223.6721471567623], [0, 0], [339.67229439509856, 224.6850986168033], [0, 0], [334.39813511005576, 221.17131467725412]]



[[313.31498395357886, 284.50044825819674], [304.39910255527104, 265.28477202868856], [321.9250564258623, 238.51022989241804], [316.7320029864173, 278.5752433401639], [314.64952650901193, 292.1717149077869], [0, 0], [353.825422738103, 285.82943775614757], [346.91597712979774, 266.57530737704917], [347.09319435214604, 241.85340356045083], [339.2917110712202, 276.18100025614757], [0, 0], [0, 0], [334.25672222469854, 223.82524334016395], [0, 0], [340.138004033892, 224.97539382684428], [0, 0], [338.2707334652976, 228.42261142418033]]



[[307.2047886512092, 283.8214971823771], [303.2807789402879, 269.4171682889344], [318.02956988702675, 244.9458568135246], [319.2995316754733, 281.7672579405738], [314.30177174168506, 299.08977971311475], [0, 0], [355.493980819259, 287.54040727459017], [348.73595178374615, 271.18938908811475], [348.1388329470306, 245.4946689293033], [337.41896380032745, 281.2962026127049], [0, 0], [0, 0], [329.0326130340703, 220.4621862192623], [0, 0], [340.72534078384336, 226.07618788422133], [0, 0], [336.0284195896007, 225.1318199282787]]



[[310.70468633501366, 288.9164318647541], [304.0447314250519, 271.46282658811475], [317.86327441203645, 246.10596503586066], [313.0532419038512, 283.5983286372951], [312.10061227632264, 297.65868340163934], [320.7175227121694, 327.36206454918033], [355.66265058715317, 289.56214779713116], [349.4721408701537, 272.39148949795083], [348.14943812200147, 247.55529585040986], [337.6742794305952, 283.3324154713115], [340.17611934930954, 297.2706518954918], [336.8267834928521, 323.8586705942623], [328.82377023024185, 220.4621862192623], [328.2978168661664, 227.8664830942623], [339.588466026971, 226.5977843237705], [0, 0], [336.0988569457502, 226.16286180840166]]



[[306.4976609099456, 285.4808529713115], [305.1743883314964, 274.7703317110656], [316.2942466894126, 248.36613089139345], [313.4705792818822, 288.63495773565575], [313.1048748602017, 300.18766009221315], [0, 0], [347.08952211245463, 277.7234567110656], [350.15438602178426, 273.5758837090164], [348.8101246940645, 247.19630507172133], [339.8694873350785, 287.31851946721315], [0, 0], [0, 0], [329.7299586885698, 224.12477587090166], [328.5300227121694, 230.41996990266395], [340.02783684315034, 228.96883004610658], [0, 0], [336.00948856084676, 229.04064741290983]]



[[304.99435361490214, 286.20485399590166], [304.3782404349553, 274.79482581967216], [315.54840214519584, 247.70317302766395], [314.4408736486158, 288.26498463114757], [313.2767420092065, 303.40698642418033], [0, 0], [351.58010142472773, 287.91191726434425], [348.2873687110996, 276.2079277663935], [347.65947903834933, 250.26083824282787], [340.3674873573652, 287.1633580942623], [0, 0], [0, 0], [325.98563546461685, 221.81466124487707], [324.60579140057706, 230.63263639856558], [339.47541802750584, 228.8060482838115], [0, 0], [333.13263699226854, 227.283715420082]]



[[307.97355303625847, 288.77740778688525], [304.07300133922786, 268.79693903688525], [315.16680578967845, 245.5903720543033], [311.5131172401777, 285.97592213114757], [0, 0], [0, 0], [350.4104614257813, 290.34714395491807], [346.9887887788512, 271.72672259221315], [345.4431240984019, 243.94923475922133], [336.76802765778984, 283.09717597336066], [0, 0], [0, 0], [325.14095702111973, 219.71039318647541], [0, 0], [334.9895239865632, 220.970959272541], [0, 0], [332.6085197480388, 225.1526159067623]]



[[0, 0], [0, 0], [311.93061290440227, 242.34754418545083], [312.82011799792537, 279.5627241290984], [0, 0], [0, 0], [0, 0], [345.97259141597516, 268.13063524590166], [338.000760533503, 242.6108958760246], [335.89495267116183, 277.34756019467216], [0, 0], [0, 0], [322.0706164094917, 219.33865906762296], [0, 0], [329.7932098515301, 219.14960617315575], [0, 0], [328.3791759696739, 223.1833055840164]]



[[303.70346639166235, 285.2060706967213], [301.0915859111612, 264.6787909836066], [308.32621467558675, 240.47257620389345], [317.6460107827088, 281.20347720286884], [311.43660169419417, 295.28550845286884], [0, 0], [351.87391225727765, 286.78105788934425], [347.3612361923788, 268.6259285348361], [340.1679834389588, 244.13984054815575], [337.08260563893936, 282.7338306864754], [0, 0], [336.63139501547914, 319.2045017930328], [327.47127802045514, 224.390160732582], [0, 0], [330.11570214235934, 224.24713434938525], [0, 0], [326.1549383772854, 222.39092917520492]]



[[308.1500421421162, 285.4777471823771], [299.89693669362686, 269.4562628073771], [306.8378495972186, 241.33837090163937], [311.4865568168925, 281.5506531762295], [309.156805647854, 293.15240778688525], [0, 0], [345.5231852551219, 287.0636526639344], [344.86088416388424, 269.77820824795083], [339.3810477988849, 243.11957287397541], [337.2832808751783, 279.77945696721315], [0, 0], [334.5416690304072, 321.96138575819674], [324.66682655682706, 223.9063780737705], [0, 0], [325.7277555980129, 222.5831358862705], [339.4354665922426, 225.25243340163937], [327.06729999716356, 228.2365682633197]]



[[0, 0], [0, 0], [301.7475238974164, 235.79439357069674], [313.246382717275, 275.92360399590166], [0, 0], [0, 0], [0, 0], [345.88689527076315, 260.54303278688525], [336.5151179776647, 238.47579405737707], [333.19275408859573, 272.5708568135246], [0, 0], [0, 0], [315.82628938667017, 225.12363921618854], [0, 0], [322.0771061434291, 224.0726658555328], [0, 0], [321.7335301316131, 228.86813204405738]]



[[0, 0], [0, 0], [0, 0], [0, 0], [0, 0], [0, 0], [0, 0], [0, 0], [332.90214063715644, 238.6390560963115], [0, 0], [0, 0], [0, 0], [0, 0], [0, 0], [0, 0], [0, 0], [0, 0]]



[[0, 0], [0, 0], [0, 0], [0, 0], [0, 0], [0, 0], [0, 0], [0, 0], [326.7248953031801, 232.87640881147541], [0, 0], [0, 0], [0, 0], [0, 0], [0, 0], [0, 0], [0, 0], [0, 0]]



[[0, 0], [0, 0], [0, 0], [0, 0], [0, 0], [0, 0], [0, 0], [0, 0], [0, 0], [0, 0], [0, 0], [0, 0], [0, 0], [0, 0], [0, 0], [0, 0], [0, 0]]



[[0, 0], [0, 0], [0, 0], [0, 0], [0, 0], [0, 0], [0, 0], [0, 0], [0, 0], [0, 0], [0, 0], [0, 0], [0, 0], [0, 0], [0, 0], [0, 0], [0, 0]]



[[0, 0], [0, 0], [295.65603802312955, 222.13354892418033], [316.5728620473775, 254.9136302510246], [0, 0], [0, 0], [0, 0], [330.45130053001816, 250.2904232838115], [318.60019161493454, 216.29879610655738], [0, 0], [325.43932649604517, 285.2972912397541], [0, 0], [0, 0], [0, 0], [296.14849802864046, 214.61161629098362], [0, 0], [294.264005922183, 219.19742571721312]]



[[302.1929095889523, 274.31022669057376], [302.4834597259142, 253.54599449282787], [298.93531641030216, 228.6669761782787], [320.07424762140175, 258.34115650614757], [314.018787684777, 287.95706326844265], [0, 0], [317.82677361579357, 272.91675204918033], [342.79088063853413, 256.298363857582], [320.5355252467745, 222.59210105020492], [339.4525298439121, 250.9090356045082], [323.78836983961685, 285.4783555327869], [323.87928942921747, 324.10332351434425], [290.9596866591838, 214.23146132172133], [0, 0], [290.8258081966416, 219.9824058657787], [300.3996219872439, 215.21891009221312], [293.5312674747958, 221.5383580942623]]



[[306.70324301818596, 270.4972143954918], [307.21260798917274, 249.41443071209017], [299.2154196584868, 219.20022733094262], [317.8306357989173, 252.77326139856558], [312.00158843361, 275.8387871413935], [0, 0], [0, 0], [332.0105461658779, 248.12828189036887], [319.3614215771687, 217.40184746413937], [0, 0], [320.2093607162539, 276.2350473872951], [322.37781825401976, 316.82242571721315], [284.27396275690484, 213.52164446721312], [0, 0], [287.75815845030473, 212.61595478995903], [0, 0], [287.6824976497666, 217.16732838114754]]



[[0, 0], [305.9831674662863, 245.60979123975412], [303.42121045124486, 214.42125064036887], [336.25514873330525, 241.61697938012296], [317.152980946901, 282.770043545082], [326.87583701739175, 313.9682056864754], [324.06771331407225, 266.79400934938525], [321.46162610825667, 245.3515464907787], [303.6037144324592, 215.45416559938525], [337.3954108147206, 242.40320824795083], [315.8046991498639, 280.83849897540983], [328.5822571560555, 316.97544185450823], [0, 0], [0, 0], [278.6348588239108, 195.52478227459017], [282.10604339219725, 201.9390048668033], [285.0845780115405, 201.72201588114754]]



[[0, 0], [305.01901460386415, 245.59757620389345], [310.35971740469404, 211.14097720286887], [335.1314433877399, 241.47998847336066], [315.30844027570674, 280.74586962090166], [326.84490789516343, 314.5234375], [317.6854557021525, 267.78451588114757], [311.41950678528593, 247.7056384477459], [299.8007936596376, 212.80321465163937], [334.45369356400744, 241.0812948258197], [313.80304360290785, 278.81336449795083], [329.06702445255775, 317.97272028688525], [0, 0], [0, 0], [283.3952527817849, 203.16289382684428], [280.44774225638616, 201.21602843237707], [284.76727750786114, 203.29013511782787]]



[[0, 0], [296.53161393161633, 238.6406089907787], [297.3610652432897, 206.91483094262296], [325.22196789500134, 246.04452164446724], [317.8307940851109, 260.80652856045083], [327.3182469284881, 308.5101178278689], [300.95185085945604, 254.43982133709017], [312.27320754181795, 236.71644467213116], [309.7186583206367, 208.34911308913937], [334.22015811397824, 238.45160412397541], [318.2968519535302, 260.53776575307376], [330.8661053289517, 312.1124487704918], [0, 0], [0, 0], [271.3870923054169, 199.63255635245903], [281.534123717502, 200.175316982582], [278.9478856003631, 198.107678022541]]



[[0, 0], [295.9981261447258, 235.8290855532787], [297.3937671708863, 207.2434362192623], [336.66659786493454, 240.00979764344262], [318.26864535383174, 264.0205078125], [327.6293426133785, 308.5545594262295], [299.8730354783941, 254.80896196209017], [316.36772314047914, 233.26972336065575], [308.537115199932, 208.17816662397541], [336.47272893502014, 239.3587986680328], [319.12335914200276, 263.39304239241807], [330.79348362333053, 311.7694031762295], [0, 0], [0, 0], [271.7784390904597, 199.3777695952869], [280.9268429071577, 199.91159707991804], [279.0221218251589, 197.44435194672133]]



[[0, 0], [0, 0], [293.2724062337915, 207.7837474385246], [326.4963933541073, 243.29982069672133], [313.68084666145296, 262.57314613217216], [325.3075690684972, 308.93192879098365], [299.02842034937436, 254.84871285860658], [314.83696901946644, 232.07471503586066], [308.3415367791267, 207.3034227715164], [331.72138894741965, 242.45454982069674], [318.0228902096571, 260.86304111168033], [328.78214096132655, 311.57985399590166], [0, 0], [0, 0], [273.03763741774185, 196.6079661885246], [285.9755076808059, 192.5075403432377], [275.96184821544347, 201.95666303790983]]



[[0, 0], [295.43032191106397, 233.6782786885246], [293.5062899134466, 206.8882716444672], [313.1662899033163, 246.86858030225412], [302.1109173406704, 260.563732710041], [313.1943382168212, 304.1436987704918], [299.4340445490794, 254.06450115266395], [315.67452458425186, 234.08488089139345], [308.9832290079584, 207.426037397541], [333.4641515961327, 244.54080750512296], [314.0310706933999, 259.15953189036884], [325.3460642707793, 311.1465804303279], [0, 0], [0, 0], [275.8399678463758, 198.1664158555328], [287.24439312313604, 193.52097207991804], [278.4977513230194, 202.34605532786887]]



[[0, 0], [0, 0], [0, 0], [0, 0], [0, 0], [0, 0], [0, 0], [294.98025094819764, 235.18613921618854], [295.4355453554526, 205.59254930840166], [328.1999326840476, 245.94657722848362], [0, 0], [0, 0], [0, 0], [0, 0], [0, 0], [0, 0], [0, 0]]



[[0, 0], [0, 0], [301.0137724183902, 209.44134221311475], [335.40933062921425, 245.64206582991804], [303.5604706443692, 267.2725569928279], [315.9382293827801, 309.40682633196724], [298.744454918066, 253.4676133452869], [294.46433292879607, 237.84740010245903], [297.4423610323198, 210.25302574282787], [331.1957838129701, 245.83987576844262], [296.513189418682, 267.22441726434425], [311.68276838247215, 315.0099897540984], [0, 0], [0, 0], [0, 0], [289.2335124035594, 192.7879418545082], [0, 0]]



[[0, 0], [0, 0], [0, 0], [0, 0], [0, 0], [0, 0], [0, 0], [0, 0], [0, 0], [0, 0], [298.37542648632007, 272.06566982581967], [0, 0], [0, 0], [0, 0], [0, 0], [0, 0], [0, 0]]



[[0, 0], [0, 0], [0, 0], [0, 0], [0, 0], [0, 0], [0, 0], [0, 0], [0, 0], [0, 0], [0, 0], [0, 0], [0, 0], [0, 0], [0, 0], [0, 0], [0, 0]]



[[0, 0], [0, 0], [0, 0], [0, 0], [0, 0], [0, 0], [0, 0], [0, 0], [291.40317291639656, 209.09928919057378], [0, 0], [0, 0], [0, 0], [0, 0], [0, 0], [0, 0], [0, 0], [0, 0]]



[[0, 0], [0, 0], [0, 0], [326.7548113937695, 243.41015625], [0, 0], [0, 0], [0, 0], [283.96248718514977, 227.724609375], [295.08560623865407, 206.85455622438525], [311.1421260596311, 247.256371670082], [300.21335079462204, 265.38058721823774], [295.30562404775026, 309.2276831454918], [0, 0], [0, 0], [0, 0], [0, 0], [0, 0]]



[[331.2503608925214, 240.29693903688525], [333.42986680660016, 230.19131019467216], [325.7036327821091, 206.34074026639345], [322.5186929663187, 248.87018122438525], [322.6155008023211, 274.82415471311475], [316.4755793527944, 313.03951075819674], [289.275679845533, 245.5523181352459], [289.67915135300507, 224.46404328893445], [298.2492723900253, 205.99723040471312], [309.82056297207276, 245.34434234118854], [304.0457761139296, 277.65477715163934], [294.0149900824203, 312.08247950819674], [0, 0], [0, 0], [0, 0], [297.7075537210678, 191.70575051229508], [0, 0]]



[[329.3698892553812, 240.25685194672133], [330.38941062832276, 228.99715035860658], [321.7971928386768, 205.20110783811475], [316.56057903875455, 246.75028816598362], [320.4469482928391, 278.453381147541], [315.39673231449365, 315.68157658811475], [292.67987769669026, 241.41329405737707], [286.8831207148762, 225.0100377817623], [299.7991158259855, 202.4686059170082], [305.3999461573684, 246.4689901383197], [307.5458953984051, 281.3710617315574], [294.5460719191682, 317.0452740778689], [0, 0], [0, 0], [0, 0], [0, 0], [0, 0]]



[[329.0858921668342, 239.81728675717216], [326.20432366968686, 226.87008516905738], [318.52741162311986, 203.6234310963115], [321.0904449842778, 241.0993372182377], [318.18823596748575, 280.47982838114757], [315.2827662551057, 311.92040215163934], [287.13219986911633, 246.21305071721312], [284.51664714892377, 223.24377241290983], [296.4514578031801, 204.92859887295083], [302.68359678909496, 246.32828509221312], [305.35907666218236, 282.717309170082], [293.46985243168115, 312.4551741803279], [0, 0], [322.2275413418212, 191.82953381147541], [0, 0], [0, 0], [0, 0]]



[[332.529218365048, 240.32173732069674], [0, 0], [318.66657684452804, 200.70037141393445], [317.0201155159978, 238.27713563012296], [320.20746128193076, 278.1963691086066], [316.7754050607009, 311.50083247950823], [286.2844823307022, 242.19123014856558], [282.4713362697744, 218.52961705942624], [296.0809414812144, 199.72747502561475], [298.97751550951443, 242.74330814549182], [306.13353935020103, 280.0546875], [295.60962851116767, 312.0002241290984], [0, 0], [0, 0], [0, 0], [0, 0], [0, 0]]



[[0, 0], [337.3541614326699, 219.96774141905738], [325.63465165894064, 197.114770107582], [315.0959568894256, 241.38771132172133], [320.81702141346284, 277.42270747950823], [0, 0], [282.3470816078028, 238.7064549180328], [282.8564782360283, 216.11560258709017], [296.0035711897854, 194.91215740266395], [299.4485435644126, 238.92051421618854], [305.87233547353156, 278.9787397540984], [296.6710007536956, 310.720446977459], [0, 0], [0, 0], [0, 0], [0, 0], [0, 0]]



[[343.34874449923825, 226.98443903688525], [341.9338558719366, 213.20712730532787], [328.3438148340249, 190.22816342213116], [319.36224466537544, 232.89374679815575], [323.5715494116312, 266.77350153688525], [316.26762295165, 306.750768442623], [284.21796110161114, 234.9383164702869], [282.31567762699365, 213.8285092213115], [298.8682347214569, 189.18631531762296], [296.3077339393964, 233.41018826844262], [300.39623466270103, 270.74186731557376], [290.5833454052937, 305.84506275614757], [0, 0], [0, 0], [0, 0], [0, 0], [0, 0]]



[[347.750841829292, 230.37074154713116], [345.6966352660627, 214.3232261782787], [331.14244136572876, 186.81645427766395], [319.03133154904697, 232.92432441086066], [323.2148039885082, 266.8746638063525], [315.4129724779565, 306.10803022540983], [286.89749310125455, 236.0278880635246], [282.87347817322035, 212.67305968237707], [303.75769524158784, 186.80889792520492], [297.242002368468, 230.94228675717216], [301.31682716464604, 268.9203060963115], [289.8651059732398, 305.1945440573771], [0, 0], [0, 0], [0, 0], [0, 0], [0, 0]]



[[347.7825307252496, 234.51043801229508], [347.1617322739724, 218.0352683145492], [332.30859906841613, 193.0082127305328], [319.9158347988525, 237.24324410860658], [336.8208635892116, 275.71686091188525], [311.8594474317622, 318.26841060450823], [277.0229355428229, 239.96249039446724], [277.77707428358406, 216.31280417520492], [301.3853334292337, 191.88702292520492], [297.86732780488205, 234.0947105532787], [302.2908254283098, 274.43320952868856], [293.42167011435106, 316.24657402663934], [0, 0], [338.48894681178683, 176.80462346311475], [0, 0], [0, 0], [0, 0]]



[[346.3831541449203, 228.6826171875], [348.1756503156607, 214.11206454918033], [333.35458589292665, 193.3455590420082], [320.08165541526193, 235.83686603483608], [339.9734497070313, 273.3934746413935], [313.59939258622927, 317.89859759221315], [276.94315930125134, 240.0015048668033], [277.2668545671519, 217.37890625], [300.5218505859375, 192.85575691598362], [298.0197257520747, 233.172387295082], [301.2602556790554, 272.21631659836066], [296.07435677556083, 316.7286116803279], [0, 0], [328.94565059930954, 181.57788486168033], [0, 0], [0, 0], [0, 0]]



[[346.682504994246, 235.39858158299182], [342.3394484144029, 218.73259797643445], [335.490436474812, 193.8189357069672], [315.1600627978313, 232.24779072745903], [323.3441238086748, 270.68823642418033], [316.40286267545713, 317.89222592213116], [278.1247340791948, 240.1414574795082], [273.65824592558675, 217.16188524590166], [303.74363942759663, 188.77145235655738], [293.8166574818465, 232.27683145491804], [300.5614537915748, 270.9562628073771], [298.5426716784719, 314.533459272541], [0, 0], [340.4677458323879, 181.817895107582], [0, 0], [0, 0], [0, 0]]



[[350.28804288365535, 239.25214523565575], [342.6011588068919, 222.18159259733608], [339.84846692856917, 194.23166944159837], [314.52505024636935, 229.74130699282787], [325.1030633063732, 268.0985847848361], [315.42620520374095, 315.9601690573771], [284.88830313148344, 240.48522348872953], [278.72929236700924, 218.9253329918033], [305.9124135377496, 190.32514728483608], [299.9578768781607, 230.115234375], [304.83587747787544, 268.6991867315574], [301.98913194331885, 311.7707799692623], [0, 0], [346.1853597174047, 186.37775358606558], [0, 0], [0, 0], [0, 0]]



[[344.497965579211, 246.70651895491804], [336.75881540132264, 232.36649910348362], [339.22016571171554, 200.61664318647541], [316.09797180935556, 230.59855276639345], [326.2578877175992, 266.59368596311475], [306.55882269515047, 314.78169825819674], [339.0332613743193, 244.90165535348362], [282.38057496636736, 227.1241355020492], [325.20677242041626, 198.92153880635246], [306.503580813586, 232.05532786885246], [313.48257737535664, 269.0989049692623], [297.11480358329555, 312.5546554815574], [350.2120021962526, 213.43815637807378], [347.6485256337526, 195.44785796618854], [0, 0], [0, 0], [362.74940838952284, 212.28901447233608]]



[[340.30119709948787, 250.40269595286887], [326.89036768996374, 239.09584720799182], [338.01874184509535, 199.15544953893445], [313.6528616624255, 226.8893762807377], [0, 0], [0, 0], [0, 0], [287.32989932491574, 233.64472336065575], [348.1372817423334, 200.50435450819674], [310.67701790837333, 226.27260502049182], [0, 0], [0, 0], [353.65798760251886, 213.86795594262296], [356.97101260616574, 201.96421939036887], [0, 0], [0, 0], [359.0229398482074, 208.44140625]]



[[332.42965634927714, 264.0197553790984], [324.07879334762384, 251.1008260758197], [339.08821834073524, 206.13952036372953], [302.49495130356917, 236.59908107069674], [327.6499514757845, 261.6107517930328], [313.68018185943987, 309.05760117827873], [0, 0], [346.0437885458539, 247.79300076844262], [346.83385825256096, 204.9362512807377], [303.105207894353, 234.3780417520492], [323.9030640154954, 260.0885790215164], [307.9407561369457, 306.288806352459], [362.13468812807963, 203.21889408299182], [359.71088330280736, 204.9404136782787], [362.77337291923305, 210.85444415983608], [0, 0], [372.9011250729383, 206.45256467725412]]



[[331.1754915229513, 267.2354316086066], [327.4798887893867, 253.31491739241804], [341.3263218036826, 206.13149974385246], [301.72295788017055, 234.92107453893445], [327.8944086731717, 262.60620517418033], [314.3865498269742, 315.780321465164], [0, 0], [342.5170455236158, 247.16980981045083], [345.3754092647822, 202.8582543545082], [297.6480064550376, 233.22481749487707], [322.98487746369295, 261.26977138831967], [308.7138259064607, 313.9696785348361], [375.8421775216384, 206.8420370133197], [361.30818093960715, 205.59544697745903], [362.74849032960003, 209.6240074282787], [0, 0], [372.40103567289617, 204.26122246413937]]



[[329.2426588129701, 270.7899590163935], [321.43246979139656, 253.041527920082], [337.7792231769483, 206.98472720286887], [304.24556494748447, 233.80451139856558], [329.4915163665392, 266.604236039959], [316.38630593960715, 315.19966700819674], [330.95816457914617, 267.8974289190574], [341.4658669119554, 249.4634349385246], [349.17459448343493, 208.6781185963115], [302.0053087923042, 231.73652023565575], [326.46502103053683, 264.81741483094265], [311.4206781031185, 313.2823706454918], [374.5866197768089, 209.25910924692624], [360.2443394324592, 206.986328125], [362.6579189696253, 212.53979892418033], [0, 0], [372.8357212177451, 207.39357069672133]]



[[330.068216284281, 275.40007044057376], [326.3911646926057, 254.70706326844262], [339.8168730043277, 208.35271516393445], [305.2406785893737, 235.44284707991804], [329.11704288973357, 268.42546106557376], [316.944423058221, 317.0330750512295], [328.36572164321836, 270.98120517418033], [335.2245473268121, 248.09890496926232], [343.0743712112617, 208.08395235655738], [294.23092410772176, 232.47294441598362], [322.2690756390204, 266.0125672387295], [309.50494030204555, 315.58741034836066], [373.90389976659753, 210.2809618340164], [360.11837527959676, 198.50339395491804], [363.95501101165394, 211.54122374487707], [0, 0], [372.7369189757035, 209.81517353995903]]



[[328.431980243857, 280.53221055327873], [320.4621754246629, 255.49791880122953], [336.21928108183675, 205.4311923668033], [300.7463004084544, 232.9788998463115], [326.3396900224488, 266.4512999487705], [318.6938653843037, 320.308337602459], [328.61568720014264, 275.327868852459], [336.754383387902, 248.796875], [339.14843040877855, 203.7930968237705], [296.7726838044606, 229.81450115266395], [320.5232105809129, 264.301037397541], [315.5157951893154, 318.1829213627049], [376.47560721116446, 208.81687051741804], [363.0709826204292, 204.00854892418033], [365.1557067617836, 211.65544953893445], [0, 0], [376.0943907425117, 215.43937307889345]]



[[325.28892295489175, 279.7788806352459], [323.3529878355161, 251.0139120133197], [336.4765278036664, 203.32484310963116], [301.4877445964893, 228.40616995389345], [323.9317771310134, 261.09911308913934], [319.4906780828579, 316.74145107581967], [318.8268574441617, 272.1388960040984], [333.6439647120559, 245.3653624487705], [341.47732683237166, 200.857678022541], [293.71848838457925, 225.2374327612705], [316.8271646460062, 259.94579277663934], [316.2712002196253, 315.17975153688525], [379.39544930992287, 208.60979123975412], [364.09515760746245, 203.0738185194672], [367.138969453044, 201.21333888319674], [0, 0], [375.55742065936204, 206.38521388319674]]



[[320.3774289966124, 280.8485527663935], [317.44622194915394, 252.25100858094262], [335.9674477478281, 205.03187435963116], [297.93355474828195, 231.84493468237707], [323.7644686243841, 265.3416367827869], [317.35986100192883, 318.3563972848361], [324.82590418138943, 276.14975025614757], [333.69600921250975, 246.185546875], [339.73839470954357, 204.31927190061475], [299.3960875198554, 229.60105020491804], [318.3125539439348, 264.26879482581967], [315.0883591521331, 316.87115778688525], [378.1878839389912, 206.74422067110658], [362.582163197371, 202.2887743340164], [364.93894964827547, 209.8491611168033], [0, 0], [376.2201649519418, 212.94465612192624]]



